
 --- Table  1: Summary of nuclide data: 

 Data for 8 nuclides included in calculation:

 - 8 Transport nuclides
 - No dosimetry nuclides
 - No decay nuclides
 - 229 reaction channels
 - 102 special reactions
 - No transmutation reactions
 - No transmutation branch reactions
 - No decay reactions
 - No decay branch reactions
 - All reaction linked to target

 Columns:

  1. Index
  2. Level (first occurence in transmutation paths)
  3. Name (nuclide identifier data)
  4. Library ID
  5. Primary data type: TRA = transport
                        DOS = dosimetry
                        SAB = thermal scattering
                        DEC = only decay data
                        STR = only structural data (mass)
                        PHO = photon interaction data
  6. Z (atomic number)
  7. A (isotope number)
  8. I (isomeric state)
  9. Atomic weight
 10. Temperature (in Kelvin)
 11. Decay constant (1/s)
 12. Flags: I - nuclide is present in initial composition
            B - nuclide is involved in burnup calculation
            A - nuclide is produced as activation product
            D - nuclide is produced as decay product
            F - nuclide is produced as fission product
            B - nuclide is produced in decay or transmutation branching
            T - nuclide has neutron transport cross section data
            S - nuclide has S(a,b) data
            I - nuclide has isomeric branching reactions
            F - nuclide is fissile
            P - nuclide is a delayed neutron precursor
            D - nuclide has delayed neutron data
            U - nuclide has uses ures ptable data
            T - nuclide cross sections are adjusted by TMS
            D - nuclide has dosimetry cross section data
            R - nuclide has radioactive decay data
            N - nuclide has neutron-induced fission yield data
            S - nuclide has spontaneous fission yield data
            P - nuclide has photon transport cross section data
            T - nuclide has supplementary transmutation cross section data

    1   0  2004.09c      09c  TRA    2   4 0    4.00258   900.0          N/A  I-----T-------------  helium 4 (He-4)
    2   0  6000.09c      09c  TRA    6   0 0   12.00110   900.0          N/A  I-----T-------------  natural carbon (C-nat)
    3   0  8016.09c      09c  TRA    8  16 0   15.99492   900.0          N/A  I-----T-------------  oxygen 16 (O-16)
    4   0  14028.09c     09c  TRA   14  28 0   27.97734   900.0          N/A  I-----T-------------  silicon 28 (Si-28)
    5   0  14029.09c     09c  TRA   14  29 0   28.97652   900.0          N/A  I-----T-------------  silicon 29 (Si-29)
    6   0  14030.09c     09c  TRA   14  30 0   30.00002   900.0          N/A  I-----T-------------  silicon 30 (Si-30)
    7   0  92235.09c     09c  TRA   92 235 0  235.04415   900.0          N/A  I-----T--F-D--------  uranium 235 (U-235)
    8   0  92238.09c     09c  TRA   92 238 0  238.05078   900.0          N/A  I-----T--F-D--------  uranium 238 (U-238)

 --- Table  2: Reaction and decay data: 

 Nuclide    1 / 8 : 2004.09c -- helium 4 (He-4)

 Pointers                     : 1929295 60589
 Primary type                 : Transport
 Nuclide ZAI                  : 20040
 Library ID                   : 09c
 Cross section data file      : /home/zoe/xsdata/jeff312/ACEs_900K/He4.ACE
 Atomic weight (AW)           : 4.00258
 Atomic weight ratio (AWR)    : 3.96820
 Temperature                  : 900.0 Kelvin
 XS temperature               : 900.0 Kelvin
 Minimum and maximum energy   : 1.00000E-11 2.00000E+01
 Half-life                    : N/A
 Specific ingestion toxicity  : N/A
 Specific inhalation toxicity : N/A

 - Nuclide is not involved in burnup calculation
 - Nuclide has neutron transport data
 - Nuclide has no photon transport data
 - Nuclide has no S(a,b) data
 - Nuclide has no isomeric branching data
 - Nuclide is not fissile
 - Nuclide is not a delayed neutron precursor
 - Nuclide has no delayed neutron data
 - Nuclide has no ures ptable data
 - Nuclide temperature is not adjusted with TMS
 - Nuclide has no dosimetry data
 - Nuclide has no decay data
 - Nuclide has no supplementary transmutation cross section data
 - Nuclide has no NFY data
 - Nuclide has no SFY data

 - 1 reaction channels
 - 1 special reactions
 - No transmutation reactions
 - No transmutation branch reactions
 - No decay reactions
 - No decay branch reactions
 - No transmutation paths

 1 reaction channel:

   1    MT =      2  Q =  0.00000E+00 MeV  Emin = 1.00000E-11 MeV  frac = 1.00000E+00  : elastic scattering

 1 special reaction:

   1    MT =    444  Q =  0.00000E+00 MeV  Emin = 3.50000E-05 MeV  : damage-energy production

 Nuclide    2 / 8 : 6000.09c -- natural carbon (C-nat)

 Pointers                     : 1927359 55391
 Primary type                 : Transport
 Nuclide ZAI                  : 60000
 Library ID                   : 09c
 Cross section data file      : /home/zoe/xsdata/jeff312/ACEs_900K/C0.ACE
 Atomic weight (AW)           : 12.00110
 Atomic weight ratio (AWR)    : 11.89800
 Temperature                  : 900.0 Kelvin
 XS temperature               : 900.0 Kelvin
 Minimum and maximum energy   : 1.00000E-11 1.50000E+02
 Half-life                    : N/A
 Specific ingestion toxicity  : N/A
 Specific inhalation toxicity : N/A

 - Nuclide is not involved in burnup calculation
 - Nuclide has neutron transport data
 - Nuclide has no photon transport data
 - Nuclide has no S(a,b) data
 - Nuclide has no isomeric branching data
 - Nuclide is not fissile
 - Nuclide is not a delayed neutron precursor
 - Nuclide has no delayed neutron data
 - Nuclide has no ures ptable data
 - Nuclide temperature is not adjusted with TMS
 - Nuclide has no dosimetry data
 - Nuclide has no decay data
 - Nuclide has no supplementary transmutation cross section data
 - Nuclide has no NFY data
 - Nuclide has no SFY data

 - 20 reaction channels
 - 5 special reactions
 - No transmutation reactions
 - No transmutation branch reactions
 - No decay reactions
 - No decay branch reactions
 - No transmutation paths

 20 reactions channel:

   1    MT =      2  Q =  0.00000E+00 MeV  Emin = 1.00000E-11 MeV  frac = 1.00000E+00  : elastic scattering
   2    MT =      5  Q =  0.00000E+00 MeV  Emin = 2.00000E+01 MeV  frac = 1.00000E+00  : anything
   3    MT =     28  Q = -1.59570E+01 MeV  Emin = 1.72982E+01 MeV  frac = 1.00000E+00  : (n,np)
   4    MT =     51  Q = -4.43900E+00 MeV  Emin = 4.81209E+00 MeV  frac = 1.00000E+00  : inelastic scatt. to 1. excited state
   5    MT =     52  Q = -7.65300E+00 MeV  Emin = 8.29622E+00 MeV  frac = 1.00000E+00  : inelastic scatt. to 2. excited state
   6    MT =     53  Q = -9.63800E+00 MeV  Emin = 1.04481E+01 MeV  frac = 1.00000E+00  : inelastic scatt. to 3. excited state
   7    MT =     54  Q = -1.08000E+01 MeV  Emin = 1.17080E+01 MeV  frac = 1.00000E+00  : inelastic scatt. to 4. excited state
   8    MT =     55  Q = -1.18000E+01 MeV  Emin = 1.27920E+01 MeV  frac = 1.00000E+00  : inelastic scatt. to 5. excited state
   9    MT =     56  Q = -1.27000E+01 MeV  Emin = 1.37674E+01 MeV  frac = 1.00000E+00  : inelastic scatt. to 6. excited state
  10    MT =     57  Q = -1.33500E+01 MeV  Emin = 1.45000E+01 MeV  frac = 1.00000E+00  : inelastic scatt. to 7. excited state
  11    MT =     58  Q = -1.40800E+01 MeV  Emin = 1.52634E+01 MeV  frac = 1.00000E+00  : inelastic scatt. to 8. excited state
  12    MT =     59  Q = -1.50800E+01 MeV  Emin = 1.63474E+01 MeV  frac = 1.00000E+00  : inelastic scatt. to 9. excited state
  13    MT =     60  Q = -1.60800E+01 MeV  Emin = 1.74315E+01 MeV  frac = 1.00000E+00  : inelastic scatt. to 10. excited state
  14    MT =     61  Q = -1.70800E+01 MeV  Emin = 1.85160E+01 MeV  frac = 1.00000E+00  : inelastic scatt. to 11. excited state
  15    MT =     62  Q = -1.80800E+01 MeV  Emin = 1.96000E+01 MeV  frac = 1.00000E+00  : inelastic scatt. to 12. excited state
  16    MT =     91  Q = -7.27500E+00 MeV  Emin = 7.88645E+00 MeV  frac = 1.00000E+00  : inelastic scattering to continuum
  17    MT =    102  Q =  4.94700E+00 MeV  Emin = 1.00000E-11 MeV  frac = 1.00000E+00  : (n,gamma)
  18    MT =    103  Q = -1.25880E+01 MeV  Emin = 1.44720E+01 MeV  frac = 1.00000E+00  : (n,p)
  19    MT =    104  Q = -1.37330E+01 MeV  Emin = 1.52630E+01 MeV  frac = 1.00000E+00  : (n,d)
  20    MT =    107  Q = -5.70200E+00 MeV  Emin = 6.18124E+00 MeV  frac = 1.00000E+00  : (n,alpha)

 5 special reactions:

   1    MT =    203  Q =  0.00000E+00 MeV  Emin = 1.44720E+01 MeV  : total proton production
   2    MT =    204  Q =  0.00000E+00 MeV  Emin = 1.52630E+01 MeV  : total deuteron production
   3    MT =    207  Q =  0.00000E+00 MeV  Emin = 6.18124E+00 MeV  : total alpha production
   4    MT =    444  Q =  0.00000E+00 MeV  Emin = 1.00000E-11 MeV  : damage-energy production
   5    MT =      4  Q =  0.00000E+00 MeV  Emin = 4.81209E+00 MeV  : total inelastic scattering

 Nuclide    3 / 8 : 8016.09c -- oxygen 16 (O-16)

 Pointers                     : 1922138 64407
 Primary type                 : Transport
 Nuclide ZAI                  : 80160
 Library ID                   : 09c
 Cross section data file      : /home/zoe/xsdata/jeff312/ACEs_900K/O16.ACE
 Atomic weight (AW)           : 15.99492
 Atomic weight ratio (AWR)    : 15.85751
 Temperature                  : 900.0 Kelvin
 XS temperature               : 900.0 Kelvin
 Minimum and maximum energy   : 1.00000E-11 1.50000E+02
 Half-life                    : N/A
 Specific ingestion toxicity  : N/A
 Specific inhalation toxicity : N/A

 - Nuclide is not involved in burnup calculation
 - Nuclide has neutron transport data
 - Nuclide has no photon transport data
 - Nuclide has no S(a,b) data
 - Nuclide has no isomeric branching data
 - Nuclide is not fissile
 - Nuclide is not a delayed neutron precursor
 - Nuclide has no delayed neutron data
 - Nuclide has no ures ptable data
 - Nuclide temperature is not adjusted with TMS
 - Nuclide has no dosimetry data
 - Nuclide has no decay data
 - Nuclide has no supplementary transmutation cross section data
 - Nuclide has no NFY data
 - Nuclide has no SFY data

 - 25 reaction channels
 - 45 special reactions
 - No transmutation reactions
 - No transmutation branch reactions
 - No decay reactions
 - No decay branch reactions
 - No transmutation paths

 25 reactions channel:

   1    MT =      2  Q =  0.00000E+00 MeV  Emin = 1.00000E-11 MeV  frac = 1.00000E+00  : elastic scattering
   2    MT =      5  Q =  0.00000E+00 MeV  Emin = 3.00000E+01 MeV  frac = 1.00000E+00  : anything
   3    MT =     16  Q = -1.56638E+01 MeV  Emin = 1.66516E+01 MeV  frac = 1.00000E+00  : (n,2n)
   4    MT =     22  Q = -7.16195E+00 MeV  Emin = 7.61360E+00 MeV  frac = 1.00000E+00  : (n,nalpha)
   5    MT =     23  Q = -1.44368E+01 MeV  Emin = 1.64100E+01 MeV  frac = 1.00000E+00  : (n,n3alpha)
   6    MT =     28  Q = -1.21276E+01 MeV  Emin = 1.28924E+01 MeV  frac = 1.00000E+00  : (n,np)
   7    MT =     32  Q = -2.07363E+01 MeV  Emin = 2.20440E+01 MeV  frac = 1.00000E+00  : (n,nd)
   8    MT =     41  Q = -2.29609E+01 MeV  Emin = 2.44089E+01 MeV  frac = 1.00000E+00  : (n,2np)
   9    MT =     44  Q = -2.23350E+01 MeV  Emin = 2.37435E+01 MeV  frac = 1.00000E+00  : (n,n2p)
  10    MT =     45  Q = -2.31192E+01 MeV  Emin = 2.45771E+01 MeV  frac = 1.00000E+00  : (n,npalpha)
  11    MT =     51  Q = -6.04940E+00 MeV  Emin = 6.43089E+00 MeV  frac = 1.00000E+00  : inelastic scatt. to 1. excited state
  12    MT =     52  Q = -6.12989E+00 MeV  Emin = 6.51646E+00 MeV  frac = 1.00000E+00  : inelastic scatt. to 2. excited state
  13    MT =     53  Q = -6.91710E+00 MeV  Emin = 7.35330E+00 MeV  frac = 1.00000E+00  : inelastic scatt. to 3. excited state
  14    MT =     54  Q = -7.11685E+00 MeV  Emin = 7.56565E+00 MeV  frac = 1.00000E+00  : inelastic scatt. to 4. excited state
  15    MT =     55  Q = -8.87190E+00 MeV  Emin = 9.43138E+00 MeV  frac = 1.00000E+00  : inelastic scatt. to 5. excited state
  16    MT =     56  Q = -1.09570E+01 MeV  Emin = 1.16480E+01 MeV  frac = 1.00000E+00  : inelastic scatt. to 6. excited state
  17    MT =     57  Q = -1.10800E+01 MeV  Emin = 1.17787E+01 MeV  frac = 1.00000E+00  : inelastic scatt. to 7. excited state
  18    MT =     91  Q = -9.58500E+00 MeV  Emin = 1.01895E+01 MeV  frac = 1.00000E+00  : inelastic scattering to continuum
  19    MT =    102  Q =  4.14342E+00 MeV  Emin = 1.00000E-11 MeV  frac = 1.00000E+00  : (n,gamma)
  20    MT =    103  Q = -9.63680E+00 MeV  Emin = 1.02445E+01 MeV  frac = 1.00000E+00  : (n,p)
  21    MT =    104  Q = -9.90300E+00 MeV  Emin = 1.05275E+01 MeV  frac = 1.00000E+00  : (n,d)
  22    MT =    105  Q = -1.44790E+01 MeV  Emin = 1.53921E+01 MeV  frac = 1.00000E+00  : (n,t)
  23    MT =    107  Q = -2.21430E+00 MeV  Emin = 2.35532E+00 MeV  frac = 1.00000E+00  : (n,alpha)
  24    MT =    108  Q = -1.28632E+01 MeV  Emin = 1.36744E+01 MeV  frac = 1.00000E+00  : (n,2alpha)
  25    MT =    112  Q = -1.97491E+01 MeV  Emin = 2.09945E+01 MeV  frac = 1.00000E+00  : (n,palpha)

 45 special reactions:

   1    MT =    203  Q =  0.00000E+00 MeV  Emin = 1.02445E+01 MeV  : total proton production
   2    MT =    204  Q =  0.00000E+00 MeV  Emin = 1.05275E+01 MeV  : total deuteron production
   3    MT =    205  Q =  0.00000E+00 MeV  Emin = 1.53921E+01 MeV  : total triton production
   4    MT =    207  Q =  0.00000E+00 MeV  Emin = 2.35532E+00 MeV  : total alpha production
   5    MT =    444  Q =  0.00000E+00 MeV  Emin = 1.00000E-11 MeV  : damage-energy production
   6    MT =    600  Q = -9.63680E+00 MeV  Emin = 1.02445E+01 MeV  : (n,p) to ground state
   7    MT =    601  Q = -9.75690E+00 MeV  Emin = 1.03722E+01 MeV  : (n,p1)
   8    MT =    602  Q = -9.93380E+00 MeV  Emin = 1.05602E+01 MeV  : (n,p2)
   9    MT =    603  Q = -1.00343E+01 MeV  Emin = 1.06671E+01 MeV  : (n,p3)
  10    MT =    650  Q = -9.90300E+00 MeV  Emin = 1.05275E+01 MeV  : (n,d) to ground state
  11    MT =    651  Q = -1.51731E+01 MeV  Emin = 1.61300E+01 MeV  : (n,d1)
  12    MT =    652  Q = -1.52018E+01 MeV  Emin = 1.61610E+01 MeV  : (n,d2)
  13    MT =    653  Q = -1.62269E+01 MeV  Emin = 1.72502E+01 MeV  : (n,d3)
  14    MT =    654  Q = -1.70581E+01 MeV  Emin = 1.81338E+01 MeV  : (n,d4)
  15    MT =    655  Q = -1.72041E+01 MeV  Emin = 1.82890E+01 MeV  : (n,d5)
  16    MT =    656  Q = -1.74701E+01 MeV  Emin = 1.85718E+01 MeV  : (n,d6)
  17    MT =    657  Q = -1.82158E+01 MeV  Emin = 1.93645E+01 MeV  : (n,d7)
  18    MT =    658  Q = -1.84744E+01 MeV  Emin = 1.96394E+01 MeV  : (n,d8)
  19    MT =    659  Q = -1.89530E+01 MeV  Emin = 2.01482E+01 MeV  : (n,d9)
  20    MT =    660  Q = -1.90546E+01 MeV  Emin = 2.02562E+01 MeV  : (n,d10)
  21    MT =    661  Q = -1.90579E+01 MeV  Emin = 2.02597E+01 MeV  : (n,d11)
  22    MT =    662  Q = -1.91280E+01 MeV  Emin = 2.03343E+01 MeV  : (n,d12)
  23    MT =    663  Q = -1.96630E+01 MeV  Emin = 2.09030E+01 MeV  : (n,d13)
  24    MT =    664  Q = -1.97320E+01 MeV  Emin = 2.09763E+01 MeV  : (n,d14)
  25    MT =    665  Q = -1.98310E+01 MeV  Emin = 2.10816E+01 MeV  : (n,d15)
  26    MT =    666  Q = -1.99730E+01 MeV  Emin = 2.12325E+01 MeV  : (n,d16)
  27    MT =    667  Q = -2.03527E+01 MeV  Emin = 2.16362E+01 MeV  : (n,d17)
  28    MT =    668  Q = -2.04363E+01 MeV  Emin = 2.17251E+01 MeV  : (n,d18)
  29    MT =    669  Q = -2.05962E+01 MeV  Emin = 2.18950E+01 MeV  : (n,d19)
  30    MT =    700  Q = -1.44790E+01 MeV  Emin = 1.53921E+01 MeV  : (n,t) to ground state
  31    MT =    701  Q = -1.67918E+01 MeV  Emin = 1.78507E+01 MeV  : (n,t1)
  32    MT =    702  Q = -1.84271E+01 MeV  Emin = 1.95892E+01 MeV  : (n,t2)
  33    MT =    703  Q = -1.93941E+01 MeV  Emin = 2.06171E+01 MeV  : (n,t3)
  34    MT =    704  Q = -1.95849E+01 MeV  Emin = 2.08200E+01 MeV  : (n,t4)
  35    MT =    705  Q = -2.01704E+01 MeV  Emin = 2.14424E+01 MeV  : (n,t5)
  36    MT =    706  Q = -2.03132E+01 MeV  Emin = 2.15942E+01 MeV  : (n,t6)
  37    MT =    707  Q = -2.06825E+01 MeV  Emin = 2.19868E+01 MeV  : (n,t7)
  38    MT =    708  Q = -2.09252E+01 MeV  Emin = 2.22448E+01 MeV  : (n,t8)
  39    MT =    709  Q = -2.15081E+01 MeV  Emin = 2.28645E+01 MeV  : (n,t9)
  40    MT =    749  Q = -2.15081E+01 MeV  Emin = 2.28645E+01 MeV  : (n,t) to continuum
  41    MT =    800  Q = -2.21430E+00 MeV  Emin = 2.35532E+00 MeV  : (n,alpha) to ground state
  42    MT =    801  Q = -5.30500E+00 MeV  Emin = 5.63954E+00 MeV  : (n,a1)
  43    MT =    802  Q = -5.90010E+00 MeV  Emin = 6.27217E+00 MeV  : (n,a2)
  44    MT =    803  Q = -6.06940E+00 MeV  Emin = 6.45215E+00 MeV  : (n,a3)
  45    MT =      4  Q =  0.00000E+00 MeV  Emin = 6.43089E+00 MeV  : total inelastic scattering

 Nuclide    4 / 8 : 14028.09c -- silicon 28 (Si-28)

 Pointers                     : 1929552 67857
 Primary type                 : Transport
 Nuclide ZAI                  : 140280
 Library ID                   : 09c
 Cross section data file      : /home/zoe/xsdata/jeff312/ACEs_900K/Si28.ACE
 Atomic weight (AW)           : 27.97734
 Atomic weight ratio (AWR)    : 27.73700
 Temperature                  : 900.0 Kelvin
 XS temperature               : 900.0 Kelvin
 Minimum and maximum energy   : 1.00000E-11 2.00000E+01
 Half-life                    : N/A
 Specific ingestion toxicity  : N/A
 Specific inhalation toxicity : N/A

 - Nuclide is not involved in burnup calculation
 - Nuclide has neutron transport data
 - Nuclide has no photon transport data
 - Nuclide has no S(a,b) data
 - Nuclide has no isomeric branching data
 - Nuclide is not fissile
 - Nuclide is not a delayed neutron precursor
 - Nuclide has no delayed neutron data
 - Nuclide has no ures ptable data
 - Nuclide temperature is not adjusted with TMS
 - Nuclide has no dosimetry data
 - Nuclide has no decay data
 - Nuclide has no supplementary transmutation cross section data
 - Nuclide has no NFY data
 - Nuclide has no SFY data

 - 29 reaction channels
 - 39 special reactions
 - No transmutation reactions
 - No transmutation branch reactions
 - No decay reactions
 - No decay branch reactions
 - No transmutation paths

 29 reactions channel:

   1    MT =      2  Q =  0.00000E+00 MeV  Emin = 1.00000E-11 MeV  frac = 1.00000E+00  : elastic scattering
   2    MT =     16  Q = -1.71770E+01 MeV  Emin = 1.77963E+01 MeV  frac = 1.00000E+00  : (n,2n)
   3    MT =     22  Q = -9.98560E+00 MeV  Emin = 1.03460E+01 MeV  frac = 1.00000E+00  : (n,nalpha)
   4    MT =     28  Q = -1.15860E+01 MeV  Emin = 1.20037E+01 MeV  frac = 1.00000E+00  : (n,np)
   5    MT =     51  Q = -1.77900E+00 MeV  Emin = 1.84213E+00 MeV  frac = 1.00000E+00  : inelastic scatt. to 1. excited state
   6    MT =     52  Q = -4.61700E+00 MeV  Emin = 4.89210E+00 MeV  frac = 1.00000E+00  : inelastic scatt. to 2. excited state
   7    MT =     53  Q = -4.97900E+00 MeV  Emin = 5.15851E+00 MeV  frac = 1.00000E+00  : inelastic scatt. to 3. excited state
   8    MT =     54  Q = -6.27600E+00 MeV  Emin = 6.50230E+00 MeV  frac = 1.00000E+00  : inelastic scatt. to 4. excited state
   9    MT =     55  Q = -6.69100E+00 MeV  Emin = 6.93223E+00 MeV  frac = 1.00000E+00  : inelastic scatt. to 5. excited state
  10    MT =     56  Q = -6.87900E+00 MeV  Emin = 7.12701E+00 MeV  frac = 1.00000E+00  : inelastic scatt. to 6. excited state
  11    MT =     57  Q = -6.88900E+00 MeV  Emin = 7.13740E+00 MeV  frac = 1.00000E+00  : inelastic scatt. to 7. excited state
  12    MT =     58  Q = -7.38100E+00 MeV  Emin = 7.64711E+00 MeV  frac = 1.00000E+00  : inelastic scatt. to 8. excited state
  13    MT =     59  Q = -7.41700E+00 MeV  Emin = 7.68441E+00 MeV  frac = 1.00000E+00  : inelastic scatt. to 9. excited state
  14    MT =     60  Q = -7.79900E+00 MeV  Emin = 8.08020E+00 MeV  frac = 1.00000E+00  : inelastic scatt. to 10. excited state
  15    MT =     61  Q = -7.93300E+00 MeV  Emin = 8.21901E+00 MeV  frac = 1.00000E+00  : inelastic scatt. to 11. excited state
  16    MT =     62  Q = -8.25900E+00 MeV  Emin = 8.55680E+00 MeV  frac = 1.00000E+00  : inelastic scatt. to 12. excited state
  17    MT =     63  Q = -8.32800E+00 MeV  Emin = 8.62830E+00 MeV  frac = 1.00000E+00  : inelastic scatt. to 13. excited state
  18    MT =     64  Q = -8.41300E+00 MeV  Emin = 8.71631E+00 MeV  frac = 1.00000E+00  : inelastic scatt. to 14. excited state
  19    MT =     65  Q = -8.54300E+00 MeV  Emin = 8.85100E+00 MeV  frac = 1.00000E+00  : inelastic scatt. to 15. excited state
  20    MT =     66  Q = -8.58900E+00 MeV  Emin = 8.89870E+00 MeV  frac = 1.00000E+00  : inelastic scatt. to 16. excited state
  21    MT =     67  Q = -8.90400E+00 MeV  Emin = 9.22502E+00 MeV  frac = 1.00000E+00  : inelastic scatt. to 17. excited state
  22    MT =     91  Q = -9.00000E+00 MeV  Emin = 9.32448E+00 MeV  frac = 1.00000E+00  : inelastic scattering to continuum
  23    MT =    102  Q =  8.47390E+00 MeV  Emin = 1.00000E-11 MeV  frac = 1.00000E+00  : (n,gamma)
  24    MT =    103  Q = -3.86000E+00 MeV  Emin = 4.03128E+00 MeV  frac = 1.00000E+00  : (n,p)
  25    MT =    104  Q = -9.36130E+00 MeV  Emin = 1.00000E+01 MeV  frac = 1.00000E+00  : (n,d)
  26    MT =    105  Q = -1.16000E+01 MeV  Emin = 1.20182E+01 MeV  frac = 1.00000E+00  : (n,t)
  27    MT =    106  Q = -1.20700E+01 MeV  Emin = 1.25052E+01 MeV  frac = 1.00000E+00  : (n,He-3)
  28    MT =    107  Q = -2.65000E+00 MeV  Emin = 2.82000E+00 MeV  frac = 1.00000E+00  : (n,alpha)
  29    MT =    111  Q = -1.34130E+01 MeV  Emin = 1.38966E+01 MeV  frac = 1.00000E+00  : (n,2p)

 39 special reactions:

   1    MT =    203  Q =  0.00000E+00 MeV  Emin = 4.03128E+00 MeV  : total proton production
   2    MT =    204  Q =  0.00000E+00 MeV  Emin = 1.00000E+01 MeV  : total deuteron production
   3    MT =    205  Q =  0.00000E+00 MeV  Emin = 1.20182E+01 MeV  : total triton production
   4    MT =    206  Q =  0.00000E+00 MeV  Emin = 1.25052E+01 MeV  : total He-3 production
   5    MT =    207  Q =  0.00000E+00 MeV  Emin = 2.82000E+00 MeV  : total alpha production
   6    MT =    444  Q =  0.00000E+00 MeV  Emin = 1.00000E-11 MeV  : damage-energy production
   7    MT =    600  Q = -3.86000E+00 MeV  Emin = 4.03128E+00 MeV  : (n,p) to ground state
   8    MT =    601  Q = -3.89100E+00 MeV  Emin = 4.03128E+00 MeV  : (n,p1)
   9    MT =    602  Q = -4.83200E+00 MeV  Emin = 5.00621E+00 MeV  : (n,p2)
  10    MT =    603  Q = -4.87400E+00 MeV  Emin = 5.04972E+00 MeV  : (n,p3)
  11    MT =    604  Q = -5.23300E+00 MeV  Emin = 5.42167E+00 MeV  : (n,p4)
  12    MT =    605  Q = -5.48000E+00 MeV  Emin = 5.67757E+00 MeV  : (n,p5)
  13    MT =    606  Q = -5.48300E+00 MeV  Emin = 5.68068E+00 MeV  : (n,p6)
  14    MT =    607  Q = -5.99900E+00 MeV  Emin = 6.21528E+00 MeV  : (n,p7)
  15    MT =    608  Q = -6.06200E+00 MeV  Emin = 6.28055E+00 MeV  : (n,p8)
  16    MT =    609  Q = -6.13200E+00 MeV  Emin = 6.35308E+00 MeV  : (n,p9)
  17    MT =    610  Q = -6.34500E+00 MeV  Emin = 6.57376E+00 MeV  : (n,p10)
  18    MT =    611  Q = -6.44100E+00 MeV  Emin = 6.67322E+00 MeV  : (n,p11)
  19    MT =    612  Q = -6.51600E+00 MeV  Emin = 6.75092E+00 MeV  : (n,p12)
  20    MT =    613  Q = -6.84700E+00 MeV  Emin = 7.09385E+00 MeV  : (n,p13)
  21    MT =    649  Q = -6.86000E+00 MeV  Emin = 7.10732E+00 MeV  : (n,p) to continuum
  22    MT =    800  Q = -2.65000E+00 MeV  Emin = 2.82000E+00 MeV  : (n,alpha) to ground state
  23    MT =    801  Q = -3.23500E+00 MeV  Emin = 3.35163E+00 MeV  : (n,a1)
  24    MT =    802  Q = -3.62500E+00 MeV  Emin = 3.75569E+00 MeV  : (n,a2)
  25    MT =    803  Q = -4.26200E+00 MeV  Emin = 4.41566E+00 MeV  : (n,a3)
  26    MT =    804  Q = -4.61500E+00 MeV  Emin = 4.78139E+00 MeV  : (n,a4)
  27    MT =    805  Q = -5.21400E+00 MeV  Emin = 5.40198E+00 MeV  : (n,a5)
  28    MT =    806  Q = -5.38800E+00 MeV  Emin = 5.58225E+00 MeV  : (n,a6)
  29    MT =    807  Q = -5.45100E+00 MeV  Emin = 5.64752E+00 MeV  : (n,a7)
  30    MT =    808  Q = -6.05500E+00 MeV  Emin = 6.27330E+00 MeV  : (n,a8)
  31    MT =    809  Q = -6.06400E+00 MeV  Emin = 6.28263E+00 MeV  : (n,a9)
  32    MT =    810  Q = -6.55800E+00 MeV  Emin = 6.79444E+00 MeV  : (n,a10)
  33    MT =    811  Q = -6.62100E+00 MeV  Emin = 6.85971E+00 MeV  : (n,a11)
  34    MT =    812  Q = -6.71000E+00 MeV  Emin = 6.95192E+00 MeV  : (n,a12)
  35    MT =    813  Q = -6.92700E+00 MeV  Emin = 7.17674E+00 MeV  : (n,a13)
  36    MT =    814  Q = -7.00900E+00 MeV  Emin = 7.26170E+00 MeV  : (n,a14)
  37    MT =    815  Q = -7.36100E+00 MeV  Emin = 7.62640E+00 MeV  : (n,a15)
  38    MT =    849  Q = -7.45000E+00 MeV  Emin = 7.71860E+00 MeV  : (n,alpha) to continuum
  39    MT =      4  Q =  0.00000E+00 MeV  Emin = 1.84213E+00 MeV  : total inelastic scattering

 Nuclide    5 / 8 : 14029.09c -- silicon 29 (Si-29)

 Pointers                     : 1934627 67903
 Primary type                 : Transport
 Nuclide ZAI                  : 140290
 Library ID                   : 09c
 Cross section data file      : /home/zoe/xsdata/jeff312/ACEs_900K/Si29.ACE
 Atomic weight (AW)           : 28.97652
 Atomic weight ratio (AWR)    : 28.72760
 Temperature                  : 900.0 Kelvin
 XS temperature               : 900.0 Kelvin
 Minimum and maximum energy   : 1.00000E-11 2.00000E+01
 Half-life                    : N/A
 Specific ingestion toxicity  : N/A
 Specific inhalation toxicity : N/A

 - Nuclide is not involved in burnup calculation
 - Nuclide has neutron transport data
 - Nuclide has no photon transport data
 - Nuclide has no S(a,b) data
 - Nuclide has no isomeric branching data
 - Nuclide is not fissile
 - Nuclide is not a delayed neutron precursor
 - Nuclide has no delayed neutron data
 - Nuclide has no ures ptable data
 - Nuclide temperature is not adjusted with TMS
 - Nuclide has no dosimetry data
 - Nuclide has no decay data
 - Nuclide has no supplementary transmutation cross section data
 - Nuclide has no NFY data
 - Nuclide has no SFY data

 - 38 reaction channels
 - 4 special reactions
 - No transmutation reactions
 - No transmutation branch reactions
 - No decay reactions
 - No decay branch reactions
 - No transmutation paths

 38 reactions channel:

   1    MT =      2  Q =  0.00000E+00 MeV  Emin = 1.00000E-11 MeV  frac = 1.00000E+00  : elastic scattering
   2    MT =     16  Q = -8.47388E+00 MeV  Emin = 9.00000E+00 MeV  frac = 1.00000E+00  : (n,2n)
   3    MT =     22  Q = -1.11267E+01 MeV  Emin = 1.20000E+01 MeV  frac = 1.00000E+00  : (n,nalpha)
   4    MT =     28  Q = -1.23337E+01 MeV  Emin = 1.30000E+01 MeV  frac = 1.00000E+00  : (n,np)
   5    MT =     51  Q = -1.27300E+00 MeV  Emin = 1.15864E+00 MeV  frac = 1.00000E+00  : inelastic scatt. to 1. excited state
   6    MT =     52  Q = -2.02800E+00 MeV  Emin = 2.09859E+00 MeV  frac = 1.00000E+00  : inelastic scatt. to 2. excited state
   7    MT =     53  Q = -2.42500E+00 MeV  Emin = 2.50942E+00 MeV  frac = 1.00000E+00  : inelastic scatt. to 3. excited state
   8    MT =     54  Q = -3.06700E+00 MeV  Emin = 3.17376E+00 MeV  frac = 1.00000E+00  : inelastic scatt. to 4. excited state
   9    MT =     55  Q = -3.62399E+00 MeV  Emin = 3.75014E+00 MeV  frac = 1.00000E+00  : inelastic scatt. to 5. excited state
  10    MT =     56  Q = -4.07999E+00 MeV  Emin = 4.22201E+00 MeV  frac = 1.00000E+00  : inelastic scatt. to 6. excited state
  11    MT =     57  Q = -4.74099E+00 MeV  Emin = 4.90602E+00 MeV  frac = 1.00000E+00  : inelastic scatt. to 7. excited state
  12    MT =     58  Q = -4.83999E+00 MeV  Emin = 5.00847E+00 MeV  frac = 1.00000E+00  : inelastic scatt. to 8. excited state
  13    MT =     59  Q = -4.89499E+00 MeV  Emin = 5.06538E+00 MeV  frac = 1.00000E+00  : inelastic scatt. to 9. excited state
  14    MT =     60  Q = -4.93399E+00 MeV  Emin = 5.10574E+00 MeV  frac = 1.00000E+00  : inelastic scatt. to 10. excited state
  15    MT =     61  Q = -5.25499E+00 MeV  Emin = 5.43792E+00 MeV  frac = 1.00000E+00  : inelastic scatt. to 11. excited state
  16    MT =     62  Q = -5.28599E+00 MeV  Emin = 5.46999E+00 MeV  frac = 1.00000E+00  : inelastic scatt. to 12. excited state
  17    MT =     63  Q = -5.65199E+00 MeV  Emin = 5.84873E+00 MeV  frac = 1.00000E+00  : inelastic scatt. to 13. excited state
  18    MT =     64  Q = -5.81299E+00 MeV  Emin = 6.01534E+00 MeV  frac = 1.00000E+00  : inelastic scatt. to 14. excited state
  19    MT =     65  Q = -5.94899E+00 MeV  Emin = 6.15607E+00 MeV  frac = 1.00000E+00  : inelastic scatt. to 15. excited state
  20    MT =     66  Q = -6.10699E+00 MeV  Emin = 6.31957E+00 MeV  frac = 1.00000E+00  : inelastic scatt. to 16. excited state
  21    MT =     67  Q = -6.19199E+00 MeV  Emin = 6.40753E+00 MeV  frac = 1.00000E+00  : inelastic scatt. to 17. excited state
  22    MT =     68  Q = -6.37799E+00 MeV  Emin = 6.60001E+00 MeV  frac = 1.00000E+00  : inelastic scatt. to 18. excited state
  23    MT =     69  Q = -6.42299E+00 MeV  Emin = 6.64657E+00 MeV  frac = 1.00000E+00  : inelastic scatt. to 19. excited state
  24    MT =     70  Q = -6.49599E+00 MeV  Emin = 6.72211E+00 MeV  frac = 1.00000E+00  : inelastic scatt. to 20. excited state
  25    MT =     71  Q = -6.52199E+00 MeV  Emin = 6.74902E+00 MeV  frac = 1.00000E+00  : inelastic scatt. to 21. excited state
  26    MT =     72  Q = -6.61499E+00 MeV  Emin = 6.84526E+00 MeV  frac = 1.00000E+00  : inelastic scatt. to 22. excited state
  27    MT =     73  Q = -6.69699E+00 MeV  Emin = 6.93011E+00 MeV  frac = 1.00000E+00  : inelastic scatt. to 23. excited state
  28    MT =     74  Q = -6.70999E+00 MeV  Emin = 6.94356E+00 MeV  frac = 1.00000E+00  : inelastic scatt. to 24. excited state
  29    MT =     75  Q = -6.71499E+00 MeV  Emin = 6.94874E+00 MeV  frac = 1.00000E+00  : inelastic scatt. to 25. excited state
  30    MT =     76  Q = -6.78199E+00 MeV  Emin = 7.01807E+00 MeV  frac = 1.00000E+00  : inelastic scatt. to 26. excited state
  31    MT =     77  Q = -6.90699E+00 MeV  Emin = 7.14742E+00 MeV  frac = 1.00000E+00  : inelastic scatt. to 27. excited state
  32    MT =     78  Q = -6.92099E+00 MeV  Emin = 7.16191E+00 MeV  frac = 1.00000E+00  : inelastic scatt. to 28. excited state
  33    MT =     79  Q = -7.01399E+00 MeV  Emin = 7.25815E+00 MeV  frac = 1.00000E+00  : inelastic scatt. to 29. excited state
  34    MT =     91  Q = -7.05699E+00 MeV  Emin = 7.30264E+00 MeV  frac = 1.00000E+00  : inelastic scattering to continuum
  35    MT =    102  Q =  1.06143E+01 MeV  Emin = 1.00000E-11 MeV  frac = 1.00000E+00  : (n,gamma)
  36    MT =    103  Q = -2.89783E+00 MeV  Emin = 3.10000E+00 MeV  frac = 1.00000E+00  : (n,p)
  37    MT =    107  Q = -3.31500E-02 MeV  Emin = 3.99455E-02 MeV  frac = 1.00000E+00  : (n,alpha)
  38    MT =    111  Q = -1.33831E+01 MeV  Emin = 1.40000E+01 MeV  frac = 1.00000E+00  : (n,2p)

 4 special reactions:

   1    MT =    203  Q =  0.00000E+00 MeV  Emin = 3.10000E+00 MeV  : total proton production
   2    MT =    207  Q =  0.00000E+00 MeV  Emin = 3.99455E-02 MeV  : total alpha production
   3    MT =    444  Q =  0.00000E+00 MeV  Emin = 1.00000E-11 MeV  : damage-energy production
   4    MT =      4  Q =  0.00000E+00 MeV  Emin = 1.15864E+00 MeV  : total inelastic scattering

 Nuclide    6 / 8 : 14030.09c -- silicon 30 (Si-30)

 Pointers                     : 1937804 67949
 Primary type                 : Transport
 Nuclide ZAI                  : 140300
 Library ID                   : 09c
 Cross section data file      : /home/zoe/xsdata/jeff312/ACEs_900K/Si30.ACE
 Atomic weight (AW)           : 30.00002
 Atomic weight ratio (AWR)    : 29.74230
 Temperature                  : 900.0 Kelvin
 XS temperature               : 900.0 Kelvin
 Minimum and maximum energy   : 1.00000E-11 2.00000E+01
 Half-life                    : N/A
 Specific ingestion toxicity  : N/A
 Specific inhalation toxicity : N/A

 - Nuclide is not involved in burnup calculation
 - Nuclide has neutron transport data
 - Nuclide has no photon transport data
 - Nuclide has no S(a,b) data
 - Nuclide has no isomeric branching data
 - Nuclide is not fissile
 - Nuclide is not a delayed neutron precursor
 - Nuclide has no delayed neutron data
 - Nuclide has no ures ptable data
 - Nuclide temperature is not adjusted with TMS
 - Nuclide has no dosimetry data
 - Nuclide has no decay data
 - Nuclide has no supplementary transmutation cross section data
 - Nuclide has no NFY data
 - Nuclide has no SFY data

 - 28 reaction channels
 - 4 special reactions
 - No transmutation reactions
 - No transmutation branch reactions
 - No decay reactions
 - No decay branch reactions
 - No transmutation paths

 28 reactions channel:

   1    MT =      2  Q =  0.00000E+00 MeV  Emin = 1.00000E-11 MeV  frac = 1.00000E+00  : elastic scattering
   2    MT =     16  Q = -1.06097E+01 MeV  Emin = 1.10000E+01 MeV  frac = 1.00000E+00  : (n,2n)
   3    MT =     22  Q = -1.06428E+01 MeV  Emin = 1.10009E+01 MeV  frac = 1.00000E+00  : (n,nalpha)
   4    MT =     28  Q = -1.35075E+01 MeV  Emin = 1.40000E+01 MeV  frac = 1.00000E+00  : (n,np)
   5    MT =     51  Q = -2.23500E+00 MeV  Emin = 2.31015E+00 MeV  frac = 1.00000E+00  : inelastic scatt. to 1. excited state
   6    MT =     52  Q = -3.49819E+00 MeV  Emin = 3.61582E+00 MeV  frac = 1.00000E+00  : inelastic scatt. to 2. excited state
   7    MT =     53  Q = -3.76959E+00 MeV  Emin = 3.89634E+00 MeV  frac = 1.00000E+00  : inelastic scatt. to 3. excited state
   8    MT =     54  Q = -3.78769E+00 MeV  Emin = 3.91505E+00 MeV  frac = 1.00000E+00  : inelastic scatt. to 4. excited state
   9    MT =     55  Q = -4.80899E+00 MeV  Emin = 4.97069E+00 MeV  frac = 1.00000E+00  : inelastic scatt. to 5. excited state
  10    MT =     56  Q = -4.83049E+00 MeV  Emin = 4.99291E+00 MeV  frac = 1.00000E+00  : inelastic scatt. to 6. excited state
  11    MT =     57  Q = -5.22999E+00 MeV  Emin = 5.40584E+00 MeV  frac = 1.00000E+00  : inelastic scatt. to 7. excited state
  12    MT =     58  Q = -5.27899E+00 MeV  Emin = 5.45649E+00 MeV  frac = 1.00000E+00  : inelastic scatt. to 8. excited state
  13    MT =     59  Q = -5.37199E+00 MeV  Emin = 5.55262E+00 MeV  frac = 1.00000E+00  : inelastic scatt. to 9. excited state
  14    MT =     60  Q = -5.48759E+00 MeV  Emin = 5.67211E+00 MeV  frac = 1.00000E+00  : inelastic scatt. to 10. excited state
  15    MT =     61  Q = -5.61299E+00 MeV  Emin = 5.80172E+00 MeV  frac = 1.00000E+00  : inelastic scatt. to 11. excited state
  16    MT =     62  Q = -5.94999E+00 MeV  Emin = 6.15005E+00 MeV  frac = 1.00000E+00  : inelastic scatt. to 12. excited state
  17    MT =     63  Q = -6.50299E+00 MeV  Emin = 6.72164E+00 MeV  frac = 1.00000E+00  : inelastic scatt. to 13. excited state
  18    MT =     64  Q = -6.53699E+00 MeV  Emin = 6.75679E+00 MeV  frac = 1.00000E+00  : inelastic scatt. to 14. excited state
  19    MT =     65  Q = -6.63399E+00 MeV  Emin = 6.85705E+00 MeV  frac = 1.00000E+00  : inelastic scatt. to 15. excited state
  20    MT =     66  Q = -6.63999E+00 MeV  Emin = 6.86325E+00 MeV  frac = 1.00000E+00  : inelastic scatt. to 16. excited state
  21    MT =     67  Q = -6.74469E+00 MeV  Emin = 6.97147E+00 MeV  frac = 1.00000E+00  : inelastic scatt. to 17. excited state
  22    MT =     68  Q = -6.86499E+00 MeV  Emin = 7.09582E+00 MeV  frac = 1.00000E+00  : inelastic scatt. to 18. excited state
  23    MT =     69  Q = -6.91399E+00 MeV  Emin = 7.14646E+00 MeV  frac = 1.00000E+00  : inelastic scatt. to 19. excited state
  24    MT =     91  Q = -6.99899E+00 MeV  Emin = 7.23432E+00 MeV  frac = 1.00000E+00  : inelastic scattering to continuum
  25    MT =    102  Q =  6.59199E+00 MeV  Emin = 1.00000E-11 MeV  frac = 1.00000E+00  : (n,gamma)
  26    MT =    103  Q = -7.75882E+00 MeV  Emin = 8.01993E+00 MeV  frac = 1.00000E+00  : (n,p)
  27    MT =    107  Q = -4.19984E+00 MeV  Emin = 4.40000E+00 MeV  frac = 1.00000E+00  : (n,alpha)
  28    MT =    111  Q = -1.83851E+01 MeV  Emin = 1.90038E+01 MeV  frac = 1.00000E+00  : (n,2p)

 4 special reactions:

   1    MT =    203  Q =  0.00000E+00 MeV  Emin = 8.01993E+00 MeV  : total proton production
   2    MT =    207  Q =  0.00000E+00 MeV  Emin = 4.40000E+00 MeV  : total alpha production
   3    MT =    444  Q =  0.00000E+00 MeV  Emin = 1.00000E-11 MeV  : damage-energy production
   4    MT =      4  Q =  0.00000E+00 MeV  Emin = 2.31015E+00 MeV  : total inelastic scattering

 Nuclide    7 / 8 : 92235.09c -- uranium 235 (U-235)

 Pointers                     : 1915195 70755
 Primary type                 : Transport
 Nuclide ZAI                  : 922350
 Library ID                   : 09c
 Cross section data file      : /home/zoe/xsdata/jeff312/ACEs_900K/U235.ACE
 Atomic weight (AW)           : 235.04415
 Atomic weight ratio (AWR)    : 233.02500
 Temperature                  : 900.0 Kelvin
 XS temperature               : 900.0 Kelvin
 Minimum and maximum energy   : 1.00000E-11 2.00000E+01
 Half-life                    : N/A
 Specific ingestion toxicity  : N/A
 Specific inhalation toxicity : N/A
 Energy deposited per fission : 202.27 MeV

 - Nuclide is not involved in burnup calculation
 - Nuclide has neutron transport data
 - Nuclide has no photon transport data
 - Nuclide has no S(a,b) data
 - Nuclide has no isomeric branching data
 - Nuclide is fissile
 - Nuclide is not a delayed neutron precursor
 - Nuclide has delayed neutron data in 8 precursor groups
 - Nuclide has ures ptable data but it is not used
 - Nuclide temperature is not adjusted with TMS
 - Nuclide has no dosimetry data
 - Nuclide has no decay data
 - Nuclide has no supplementary transmutation cross section data
 - Nuclide has no NFY data
 - Nuclide has no SFY data

 - 41 reaction channels
 - 2 special reactions
 - No transmutation reactions
 - No transmutation branch reactions
 - No decay reactions
 - No decay branch reactions
 - No transmutation paths

 41 reactions channel:

   1    MT =      2  Q =  0.00000E+00 MeV  Emin = 1.00000E-11 MeV  frac = 1.00000E+00  : elastic scattering
   2    MT =     16  Q = -5.29778E+00 MeV  Emin = 5.32052E+00 MeV  frac = 1.00000E+00  : (n,2n)
   3    MT =     17  Q = -1.21423E+01 MeV  Emin = 1.21944E+01 MeV  frac = 1.00000E+00  : (n,3n)
   4    MT =     18  Q =  1.93720E+02 MeV  Emin = 1.00000E-11 MeV  frac = 1.00000E+00  : total fission
   5    MT =     37  Q = -1.78856E+01 MeV  Emin = 1.79624E+01 MeV  frac = 1.00000E+00  : (n,4n)
   6    MT =     51  Q = -7.68000E-05 MeV  Emin = 2.24303E-03 MeV  frac = 1.00000E+00  : inelastic scatt. to 1. excited state
   7    MT =     52  Q = -1.30400E-02 MeV  Emin = 1.28000E-02 MeV  frac = 1.00000E+00  : inelastic scatt. to 2. excited state
   8    MT =     53  Q = -4.62000E-02 MeV  Emin = 4.60000E-02 MeV  frac = 1.00000E+00  : inelastic scatt. to 3. excited state
   9    MT =     54  Q = -5.17010E-02 MeV  Emin = 5.15000E-02 MeV  frac = 1.00000E+00  : inelastic scatt. to 4. excited state
  10    MT =     55  Q = -8.17000E-02 MeV  Emin = 8.20000E-02 MeV  frac = 1.00000E+00  : inelastic scatt. to 5. excited state
  11    MT =     56  Q = -1.03000E-01 MeV  Emin = 1.01717E-01 MeV  frac = 1.00000E+00  : inelastic scatt. to 6. excited state
  12    MT =     57  Q = -1.29300E-01 MeV  Emin = 1.20000E-01 MeV  frac = 1.00000E+00  : inelastic scatt. to 7. excited state
  13    MT =     58  Q = -1.50500E-01 MeV  Emin = 1.50630E-01 MeV  frac = 1.00000E+00  : inelastic scatt. to 8. excited state
  14    MT =     59  Q = -1.70700E-01 MeV  Emin = 1.70000E-01 MeV  frac = 1.00000E+00  : inelastic scatt. to 9. excited state
  15    MT =     60  Q = -1.71400E-01 MeV  Emin = 1.71718E-01 MeV  frac = 1.00000E+00  : inelastic scatt. to 10. excited state
  16    MT =     61  Q = -1.97100E-01 MeV  Emin = 1.97827E-01 MeV  frac = 1.00000E+00  : inelastic scatt. to 11. excited state
  17    MT =     62  Q = -2.25400E-01 MeV  Emin = 2.25945E-01 MeV  frac = 1.00000E+00  : inelastic scatt. to 12. excited state
  18    MT =     63  Q = -2.49100E-01 MeV  Emin = 2.50000E-01 MeV  frac = 1.00000E+00  : inelastic scatt. to 13. excited state
  19    MT =     64  Q = -2.91400E-01 MeV  Emin = 2.80000E-01 MeV  frac = 1.00000E+00  : inelastic scatt. to 14. excited state
  20    MT =     65  Q = -2.94700E-01 MeV  Emin = 2.94305E-01 MeV  frac = 1.00000E+00  : inelastic scatt. to 15. excited state
  21    MT =     66  Q = -3.32800E-01 MeV  Emin = 3.25000E-01 MeV  frac = 1.00000E+00  : inelastic scatt. to 16. excited state
  22    MT =     67  Q = -3.38500E-01 MeV  Emin = 3.37175E-01 MeV  frac = 1.00000E+00  : inelastic scatt. to 17. excited state
  23    MT =     68  Q = -3.57300E-01 MeV  Emin = 3.54111E-01 MeV  frac = 1.00000E+00  : inelastic scatt. to 18. excited state
  24    MT =     69  Q = -3.67100E-01 MeV  Emin = 3.68541E-01 MeV  frac = 1.00000E+00  : inelastic scatt. to 19. excited state
  25    MT =     70  Q = -3.93200E-01 MeV  Emin = 3.81785E-01 MeV  frac = 1.00000E+00  : inelastic scatt. to 20. excited state
  26    MT =     71  Q = -4.14800E-01 MeV  Emin = 4.15739E-01 MeV  frac = 1.00000E+00  : inelastic scatt. to 21. excited state
  27    MT =     72  Q = -4.26700E-01 MeV  Emin = 4.25000E-01 MeV  frac = 1.00000E+00  : inelastic scatt. to 22. excited state
  28    MT =     73  Q = -4.30000E-01 MeV  Emin = 4.30317E-01 MeV  frac = 1.00000E+00  : inelastic scatt. to 23. excited state
  29    MT =     74  Q = -4.38500E-01 MeV  Emin = 4.36113E-01 MeV  frac = 1.00000E+00  : inelastic scatt. to 24. excited state
  30    MT =     75  Q = -4.45700E-01 MeV  Emin = 4.43996E-01 MeV  frac = 1.00000E+00  : inelastic scatt. to 25. excited state
  31    MT =     76  Q = -4.74300E-01 MeV  Emin = 4.75991E-01 MeV  frac = 1.00000E+00  : inelastic scatt. to 26. excited state
  32    MT =     77  Q = -5.50000E-01 MeV  Emin = 5.50000E-01 MeV  frac = 1.00000E+00  : inelastic scatt. to 27. excited state
  33    MT =     78  Q = -6.50000E-01 MeV  Emin = 6.50000E-01 MeV  frac = 1.00000E+00  : inelastic scatt. to 28. excited state
  34    MT =     79  Q = -7.70000E-01 MeV  Emin = 7.50000E-01 MeV  frac = 1.00000E+00  : inelastic scatt. to 29. excited state
  35    MT =     80  Q = -9.00000E-01 MeV  Emin = 9.00000E-01 MeV  frac = 1.00000E+00  : inelastic scatt. to 30. excited state
  36    MT =     81  Q = -1.04000E+00 MeV  Emin = 1.00000E+00 MeV  frac = 1.00000E+00  : inelastic scatt. to 31. excited state
  37    MT =     82  Q = -1.08500E+00 MeV  Emin = 1.06708E+00 MeV  frac = 1.00000E+00  : inelastic scatt. to 32. excited state
  38    MT =     83  Q = -1.33000E+00 MeV  Emin = 1.30000E+00 MeV  frac = 1.00000E+00  : inelastic scatt. to 33. excited state
  39    MT =     84  Q = -1.43000E+00 MeV  Emin = 1.40000E+00 MeV  frac = 1.00000E+00  : inelastic scatt. to 34. excited state
  40    MT =     91  Q = -4.97864E-01 MeV  Emin = 4.88170E-01 MeV  frac = 1.00000E+00  : inelastic scattering to continuum
  41    MT =    102  Q =  6.54520E+00 MeV  Emin = 1.00000E-11 MeV  frac = 1.00000E+00  : (n,gamma)

 2 special reactions:

   1    MT =    444  Q =  0.00000E+00 MeV  Emin = 1.00000E-11 MeV  : damage-energy production
   2    MT =      4  Q =  0.00000E+00 MeV  Emin = 2.24303E-03 MeV  : total inelastic scattering

 Nuclide    8 / 8 : 92238.09c -- uranium 238 (U-238)

 Pointers                     : 1918450 70893
 Primary type                 : Transport
 Nuclide ZAI                  : 922380
 Library ID                   : 09c
 Cross section data file      : /home/zoe/xsdata/jeff312/ACEs_900K/U238.ACE
 Atomic weight (AW)           : 238.05078
 Atomic weight ratio (AWR)    : 236.00580
 Temperature                  : 900.0 Kelvin
 XS temperature               : 900.0 Kelvin
 Minimum and maximum energy   : 1.00000E-11 3.00000E+01
 Half-life                    : N/A
 Specific ingestion toxicity  : N/A
 Specific inhalation toxicity : N/A
 Energy deposited per fission : 206.02 MeV

 - Nuclide is not involved in burnup calculation
 - Nuclide has neutron transport data
 - Nuclide has no photon transport data
 - Nuclide has no S(a,b) data
 - Nuclide has no isomeric branching data
 - Nuclide is fissile
 - Nuclide is not a delayed neutron precursor
 - Nuclide has delayed neutron data in 8 precursor groups
 - Nuclide has ures ptable data but it is not used
 - Nuclide temperature is not adjusted with TMS
 - Nuclide has no dosimetry data
 - Nuclide has no decay data
 - Nuclide has no supplementary transmutation cross section data
 - Nuclide has no NFY data
 - Nuclide has no SFY data

 - 47 reaction channels
 - 2 special reactions
 - No transmutation reactions
 - No transmutation branch reactions
 - No decay reactions
 - No decay branch reactions
 - No transmutation paths

 47 reactions channel:

   1    MT =      2  Q =  0.00000E+00 MeV  Emin = 1.00000E-11 MeV  frac = 1.00000E+00  : elastic scattering
   2    MT =     16  Q = -6.15280E+00 MeV  Emin = 6.20000E+00 MeV  frac = 1.00000E+00  : (n,2n)
   3    MT =     17  Q = -1.12786E+01 MeV  Emin = 1.14000E+01 MeV  frac = 1.00000E+00  : (n,3n)
   4    MT =     18  Q =  1.97314E+02 MeV  Emin = 1.00000E-11 MeV  frac = 1.00000E+00  : total fission
   5    MT =     37  Q = -1.78237E+01 MeV  Emin = 1.80000E+01 MeV  frac = 1.00000E+00  : (n,4n)
   6    MT =     51  Q = -4.49100E-02 MeV  Emin = 4.50000E-02 MeV  frac = 1.00000E+00  : inelastic scatt. to 1. excited state
   7    MT =     52  Q = -1.48410E-01 MeV  Emin = 1.40000E-01 MeV  frac = 1.00000E+00  : inelastic scatt. to 2. excited state
   8    MT =     53  Q = -3.07200E-01 MeV  Emin = 2.99251E-01 MeV  frac = 1.00000E+00  : inelastic scatt. to 3. excited state
   9    MT =     54  Q = -5.17800E-01 MeV  Emin = 5.10000E-01 MeV  frac = 1.00000E+00  : inelastic scatt. to 4. excited state
  10    MT =     55  Q = -6.80100E-01 MeV  Emin = 6.80000E-01 MeV  frac = 1.00000E+00  : inelastic scatt. to 5. excited state
  11    MT =     56  Q = -7.31900E-01 MeV  Emin = 7.30000E-01 MeV  frac = 1.00000E+00  : inelastic scatt. to 6. excited state
  12    MT =     57  Q = -7.75700E-01 MeV  Emin = 7.70000E-01 MeV  frac = 1.00000E+00  : inelastic scatt. to 7. excited state
  13    MT =     58  Q = -8.26700E-01 MeV  Emin = 8.30000E-01 MeV  frac = 1.00000E+00  : inelastic scatt. to 8. excited state
  14    MT =     59  Q = -9.27200E-01 MeV  Emin = 9.30000E-01 MeV  frac = 1.00000E+00  : inelastic scatt. to 9. excited state
  15    MT =     60  Q = -9.30500E-01 MeV  Emin = 9.32786E-01 MeV  frac = 1.00000E+00  : inelastic scatt. to 10. excited state
  16    MT =     61  Q = -9.49900E-01 MeV  Emin = 9.50000E-01 MeV  frac = 1.00000E+00  : inelastic scatt. to 11. excited state
  17    MT =     62  Q = -9.66300E-01 MeV  Emin = 9.70000E-01 MeV  frac = 1.00000E+00  : inelastic scatt. to 12. excited state
  18    MT =     63  Q = -9.67300E-01 MeV  Emin = 9.70395E-01 MeV  frac = 1.00000E+00  : inelastic scatt. to 13. excited state
  19    MT =     64  Q = -9.93000E-01 MeV  Emin = 9.90000E-01 MeV  frac = 1.00000E+00  : inelastic scatt. to 14. excited state
  20    MT =     65  Q = -9.97500E-01 MeV  Emin = 1.00000E+00 MeV  frac = 1.00000E+00  : inelastic scatt. to 15. excited state
  21    MT =     66  Q = -1.03730E+00 MeV  Emin = 1.02171E+00 MeV  frac = 1.00000E+00  : inelastic scatt. to 16. excited state
  22    MT =     67  Q = -1.05500E+00 MeV  Emin = 1.05058E+00 MeV  frac = 1.00000E+00  : inelastic scatt. to 17. excited state
  23    MT =     68  Q = -1.05950E+00 MeV  Emin = 1.06173E+00 MeV  frac = 1.00000E+00  : inelastic scatt. to 18. excited state
  24    MT =     69  Q = -1.06020E+00 MeV  Emin = 1.06452E+00 MeV  frac = 1.00000E+00  : inelastic scatt. to 19. excited state
  25    MT =     70  Q = -1.07650E+00 MeV  Emin = 1.07288E+00 MeV  frac = 1.00000E+00  : inelastic scatt. to 20. excited state
  26    MT =     71  Q = -1.10560E+00 MeV  Emin = 1.10000E+00 MeV  frac = 1.00000E+00  : inelastic scatt. to 21. excited state
  27    MT =     72  Q = -1.10700E+00 MeV  Emin = 1.11152E+00 MeV  frac = 1.00000E+00  : inelastic scatt. to 22. excited state
  28    MT =     73  Q = -1.12700E+00 MeV  Emin = 1.12173E+00 MeV  frac = 1.00000E+00  : inelastic scatt. to 23. excited state
  29    MT =     74  Q = -1.12830E+00 MeV  Emin = 1.13292E+00 MeV  frac = 1.00000E+00  : inelastic scatt. to 24. excited state
  30    MT =     75  Q = -1.15030E+00 MeV  Emin = 1.14413E+00 MeV  frac = 1.00000E+00  : inelastic scatt. to 25. excited state
  31    MT =     76  Q = -1.16750E+00 MeV  Emin = 1.16381E+00 MeV  frac = 1.00000E+00  : inelastic scatt. to 26. excited state
  32    MT =     77  Q = -1.16890E+00 MeV  Emin = 1.17368E+00 MeV  frac = 1.00000E+00  : inelastic scatt. to 27. excited state
  33    MT =     78  Q = -1.20900E+00 MeV  Emin = 1.20000E+00 MeV  frac = 1.00000E+00  : inelastic scatt. to 28. excited state
  34    MT =     79  Q = -1.25000E+00 MeV  Emin = 1.23521E+00 MeV  frac = 1.00000E+00  : inelastic scatt. to 29. excited state
  35    MT =     80  Q = -1.44000E+00 MeV  Emin = 1.40000E+00 MeV  frac = 1.00000E+00  : inelastic scatt. to 30. excited state
  36    MT =     81  Q = -1.75000E+00 MeV  Emin = 1.70000E+00 MeV  frac = 1.00000E+00  : inelastic scatt. to 31. excited state
  37    MT =     82  Q = -1.95000E+00 MeV  Emin = 1.90000E+00 MeV  frac = 1.00000E+00  : inelastic scatt. to 32. excited state
  38    MT =     83  Q = -2.15000E+00 MeV  Emin = 2.15911E+00 MeV  frac = 1.00000E+00  : inelastic scatt. to 33. excited state
  39    MT =     84  Q = -2.30000E+00 MeV  Emin = 2.30975E+00 MeV  frac = 1.00000E+00  : inelastic scatt. to 34. excited state
  40    MT =     85  Q = -2.49280E+00 MeV  Emin = 2.50336E+00 MeV  frac = 1.00000E+00  : inelastic scatt. to 35. excited state
  41    MT =     86  Q = -2.94000E+00 MeV  Emin = 2.95246E+00 MeV  frac = 1.00000E+00  : inelastic scatt. to 36. excited state
  42    MT =     87  Q = -3.18900E+00 MeV  Emin = 3.20251E+00 MeV  frac = 1.00000E+00  : inelastic scatt. to 37. excited state
  43    MT =     88  Q = -3.38800E+00 MeV  Emin = 3.40236E+00 MeV  frac = 1.00000E+00  : inelastic scatt. to 38. excited state
  44    MT =     89  Q = -3.53800E+00 MeV  Emin = 3.55299E+00 MeV  frac = 1.00000E+00  : inelastic scatt. to 39. excited state
  45    MT =     90  Q = -3.73700E+00 MeV  Emin = 3.75284E+00 MeV  frac = 1.00000E+00  : inelastic scatt. to 40. excited state
  46    MT =     91  Q = -1.21000E+00 MeV  Emin = 1.27765E+00 MeV  frac = 1.00000E+00  : inelastic scattering to continuum
  47    MT =    102  Q =  4.80650E+00 MeV  Emin = 1.00000E-11 MeV  frac = 1.00000E+00  : (n,gamma)

 2 special reactions:

   1    MT =    444  Q =  0.00000E+00 MeV  Emin = 1.00000E-11 MeV  : damage-energy production
   2    MT =      4  Q =  0.00000E+00 MeV  Emin = 4.50000E-02 MeV  : total inelastic scattering

 --- Table  1: Summary of material compositions: 

 5 materials included in calculation


Material "fuel":

 - Material is included in majorant
 - Material is included in geometry
 - Atom density 7.04680E-02 1/barn*cm
 - Mass density 1.10000E+01 g/cm3
 - Volume 7.23499E-01 cm3
 - Mass 7.95849E+00 g
 - Photon emission rate 0.00000E+00 1/s
 - Neutron emission rate 0.00000E+00 1/s
 - 4 nuclides in composition
 - No nuclides associated with S(a,b) data
 - 12.40 Mb of memory allocated for data

Isotopic composition (non-zero densities):

-------------------------------------------------------------------
 Nuclide    a. weight   temp      a. dens      a. frac      m. frac
-------------------------------------------------------------------
 92235.09c  235.04415  900.0  3.74741E-03  5.31789E-02  1.32967E-01    
 92238.09c  238.05078  900.0  2.12354E-02  3.01348E-01  7.63120E-01    
  8016.09c   15.99492  900.0  3.56734E-02  5.06236E-01  8.61371E-02    
  6000.09c   12.00110  900.0  9.81177E-03  1.39237E-01  1.77759E-02    
       sum                    7.04680E-02  1.00000E+00  1.00000E+00
-------------------------------------------------------------------

Material "cool":

 - Material is included in majorant
 - Material is included in geometry
 - Atom density 6.13852E-04 1/barn*cm
 - Mass density 4.08000E-03 g/cm3
 - Volume 0.00000E+00 cm3
 - Mass 0.00000E+00 g
 - Photon emission rate 0.00000E+00 1/s
 - Neutron emission rate 0.00000E+00 1/s
 - 1 nuclides in composition
 - No nuclides associated with S(a,b) data
 - 3.54 Mb of memory allocated for data

Isotopic composition (non-zero densities):

-------------------------------------------------------------------
 Nuclide    a. weight   temp      a. dens      a. frac      m. frac
-------------------------------------------------------------------
  2004.09c    4.00258  900.0  6.13852E-04  1.00000E+00  1.00000E+00    
       sum                    6.13852E-04  1.00000E+00  1.00000E+00
-------------------------------------------------------------------

Material "graph":

 - Material is included in majorant
 - Material is included in geometry
 - Atom density 8.73117E-02 1/barn*cm
 - Mass density 1.74000E+00 g/cm3
 - Volume 4.91163E+01 cm3
 - Mass 8.54623E+01 g
 - Photon emission rate 0.00000E+00 1/s
 - Neutron emission rate 0.00000E+00 1/s
 - 1 nuclides in composition
 - No nuclides associated with S(a,b) data
 - 5.31 Mb of memory allocated for data

Isotopic composition (non-zero densities):

-------------------------------------------------------------------
 Nuclide    a. weight   temp      a. dens      a. frac      m. frac
-------------------------------------------------------------------
  6000.09c   12.00110  900.0  8.73117E-02  1.00000E+00  1.00000E+00    
       sum                    8.73117E-02  1.00000E+00  1.00000E+00
-------------------------------------------------------------------

Material "pyroc":

 - Material is included in majorant
 - Material is included in geometry
 - Atom density 1.10394E-01 1/barn*cm
 - Mass density 2.20000E+00 g/cm3
 - Volume 2.43864E+00 cm3
 - Mass 5.36501E+00 g
 - Photon emission rate 0.00000E+00 1/s
 - Neutron emission rate 0.00000E+00 1/s
 - 1 nuclides in composition
 - No nuclides associated with S(a,b) data
 - 5.31 Mb of memory allocated for data

Isotopic composition (non-zero densities):

-------------------------------------------------------------------
 Nuclide    a. weight   temp      a. dens      a. frac      m. frac
-------------------------------------------------------------------
  6000.09c   12.00110  900.0  1.10394E-01  1.00000E+00  1.00000E+00    
       sum                    1.10394E-01  1.00000E+00  1.00000E+00
-------------------------------------------------------------------

Material "sic":

 - Material is included in majorant
 - Material is included in geometry
 - Atom density 9.31376E-02 1/barn*cm
 - Mass density 3.10000E+00 g/cm3
 - Volume 1.05553E+00 cm3
 - Mass 3.27213E+00 g
 - Photon emission rate 0.00000E+00 1/s
 - Neutron emission rate 0.00000E+00 1/s
 - 4 nuclides in composition
 - No nuclides associated with S(a,b) data
 - 7.09 Mb of memory allocated for data

Isotopic composition (non-zero densities):

-------------------------------------------------------------------
 Nuclide    a. weight   temp      a. dens      a. frac      m. frac
-------------------------------------------------------------------
 14028.09c   27.97734  900.0  4.29462E-02  4.61105E-01  6.43614E-01    
 14029.09c   28.97652  900.0  2.18224E-03  2.34302E-02  3.38721E-02    
 14030.09c   30.00002  900.0  1.43992E-03  1.54602E-02  2.31395E-02    
  6000.09c   12.00110  900.0  4.65693E-02  5.00005E-01  2.99374E-01    
       sum                    9.31376E-02  1.00000E+00  1.00000E+00
-------------------------------------------------------------------
